<?xml version="1.0" encoding="UTF-8"?>
<!-- Generated by org.testng.reporters.JUnitReportReporter -->
<testsuite skipped="0" hostname="DESKTOP-P55S304" name="scripts.VerifyProductVersion" tests="1" failures="0" timestamp="30 Mar 2018 05:31:42 GMT" time="12.693" errors="0">
  <testcase name="testProductVersion" time="12.693" classname="scripts.VerifyProductVersion"/>
</testsuite> <!-- scripts.VerifyProductVersion -->
