<?xml version="1.0" encoding="UTF-8"?>
<!-- Generated by org.testng.reporters.JUnitReportReporter -->
<testsuite skipped="0" hostname="DESKTOP-P55S304" name="scripts.TestValidLogin" tests="1" failures="0" timestamp="29 Mar 2018 06:08:08 GMT" time="10.664" errors="0">
  <testcase name="testInvalidLogin" time="10.664" classname="scripts.TestValidLogin"/>
</testsuite> <!-- scripts.TestValidLogin -->
