<?xml version="1.0" encoding="UTF-8"?>
<!-- Generated by org.testng.reporters.JUnitReportReporter -->
<testsuite skipped="0" hostname="DESKTOP-P55S304" name="scripts.TestInvalidLogin" tests="1" failures="0" timestamp="29 Mar 2018 06:09:04 GMT" time="8.331" errors="0">
  <testcase name="testInvalidLogin" time="8.331" classname="scripts.TestInvalidLogin"/>
</testsuite> <!-- scripts.TestInvalidLogin -->
